0 info it worked if it ends with ok
1 verbose cli [ '/usr/bin/nodejs', '/usr/bin/npm', 'run', 'start' ]
2 info using npm@3.10.10
3 info using node@v6.10.0
4 verbose run-script [ 'prestart', 'start', 'poststart' ]
5 info lifecycle js-app@0.0.1~prestart: js-app@0.0.1
6 silly lifecycle js-app@0.0.1~prestart: no script for prestart, continuing
7 info lifecycle js-app@0.0.1~start: js-app@0.0.1
8 verbose lifecycle js-app@0.0.1~start: unsafe-perm in lifecycle true
9 verbose lifecycle js-app@0.0.1~start: PATH: /usr/lib/node_modules/npm/bin/node-gyp-bin:/mnt/c/Users/joshd/Documents/Projects/Node/node-js-boilerplate/node_modules/.bin:/usr/local/sbin:/usr/local/bin:/usr/sbin:/usr/bin:/sbin:/bin:/usr/games:/usr/local/games:/mnt/c/Windows/System32:/mnt/c/Windows:/mnt/c/Windows/System32/wbem:/mnt/c/Windows/System32/WindowsPowerShell/v1.0:/mnt/c/Users/joshd/AppData/Local/Microsoft/WindowsApps:/mnt/c/Users/joshd/AppData/Local/atom/bin
10 verbose lifecycle js-app@0.0.1~start: CWD: /mnt/c/Users/joshd/Documents/Projects/Node/node-js-boilerplate
11 silly lifecycle js-app@0.0.1~start: Args: [ '-c', 'webpack --watch' ]
12 info lifecycle js-app@0.0.1~start: Failed to exec start script
13 verbose stack Error: js-app@0.0.1 start: `webpack --watch`
13 verbose stack spawn ENOENT
13 verbose stack     at ChildProcess.<anonymous> (/usr/lib/node_modules/npm/lib/utils/spawn.js:33:16)
13 verbose stack     at emitTwo (events.js:106:13)
13 verbose stack     at ChildProcess.emit (events.js:191:7)
13 verbose stack     at maybeClose (internal/child_process.js:877:16)
13 verbose stack     at Process.ChildProcess._handle.onexit (internal/child_process.js:226:5)
14 verbose pkgid js-app@0.0.1
15 verbose cwd /mnt/c/Users/joshd/Documents/Projects/Node/node-js-boilerplate
16 error Linux 4.4.0-43-Microsoft
17 error argv "/usr/bin/nodejs" "/usr/bin/npm" "run" "start"
18 error node v6.10.0
19 error npm  v3.10.10
20 error file sh
21 error code ELIFECYCLE
22 error errno ENOENT
23 error syscall spawn
24 error js-app@0.0.1 start: `webpack --watch`
24 error spawn ENOENT
25 error Failed at the js-app@0.0.1 start script 'webpack --watch'.
25 error Make sure you have the latest version of node.js and npm installed.
25 error If you do, this is most likely a problem with the js-app package,
25 error not with npm itself.
25 error Tell the author that this fails on your system:
25 error     webpack --watch
25 error You can get information on how to open an issue for this project with:
25 error     npm bugs js-app
25 error Or if that isn't available, you can get their info via:
25 error     npm owner ls js-app
25 error There is likely additional logging output above.
26 verbose exit [ 1, true ]
